<?xml version="1.0" encoding="UTF-8"?>
<!-- Generated by org.testng.reporters.JUnitReportReporter -->
<testsuite skipped="0" hostname="IL-MF10-NA102OH" name="script.TC01" tests="1" failures="0" timestamp="06 May 2019 09:20:57 GMT" time="3.501" errors="0">
  <testcase name="applicationLaunch" time="3.501" classname="script.TC01"/>
</testsuite> <!-- script.TC01 -->
