<?xml version="1.0" encoding="UTF-8"?>
<!-- Generated by org.testng.reporters.JUnitReportReporter -->
<testsuite skipped="0" hostname="IL-MF10-NA102OH" name="script.TC02" tests="1" failures="0" timestamp="06 May 2019 09:20:57 GMT" time="3.792" errors="0">
  <testcase name="elementExistenece" time="3.792" classname="script.TC02"/>
</testsuite> <!-- script.TC02 -->
