<?xml version="1.0" encoding="UTF-8"?>
<!-- Generated by org.testng.reporters.JUnitReportReporter -->
<testsuite skipped="0" hostname="IL-MF10-NA102OH" name="config.StartBrowser" tests="1" failures="0" timestamp="24 Apr 2019 11:07:33 GMT" time="4.625" errors="0">
  <testcase name="launchBrowser" time="4.625" classname="config.StartBrowser"/>
</testsuite> <!-- config.StartBrowser -->
